This is pdfTeX, Version 3.141592653-2.6-1.40.25 (MiKTeX 24.1) (preloaded format=pdflatex 2024.4.29)  5 SEP 2024 21:45
entering extended mode
 restricted \write18 enabled.
 file:line:error style messages enabled.
 %&-line parsing enabled.
**c:/Users/USUARIO/Desktop/Linear-predictor/article/article.tex
(c:/Users/USUARIO/Desktop/Linear-predictor/article/article.tex
LaTeX2e <2023-11-01> patch level 1
L3 programming layer <2024-01-04>
(C:\Users\USUARIO\AppData\Local\Programs\MiKTeX\tex/latex/base\article.cls
Document Class: article 2023/05/17 v1.4n Standard LaTeX document class
(C:\Users\USUARIO\AppData\Local\Programs\MiKTeX\tex/latex/base\size10.clo
File: size10.clo 2023/05/17 v1.4n Standard LaTeX file (size option)
)
\c@part=\count187
\c@section=\count188
\c@subsection=\count189
\c@subsubsection=\count190
\c@paragraph=\count191
\c@subparagraph=\count192
\c@figure=\count193
\c@table=\count194
\abovecaptionskip=\skip48
\belowcaptionskip=\skip49
\bibindent=\dimen140
)
(C:\Users\USUARIO\AppData\Local\Programs\MiKTeX\tex/latex/graphics\graphicx.sty
Package: graphicx 2021/09/16 v1.2d Enhanced LaTeX Graphics (DPC,SPQR)
(C:\Users\USUARIO\AppData\Local\Programs\MiKTeX\tex/latex/graphics\keyval.sty
Package: keyval 2022/05/29 v1.15 key=value parser (DPC)
\KV@toks@=\toks17
)
(C:\Users\USUARIO\AppData\Local\Programs\MiKTeX\tex/latex/graphics\graphics.sty
Package: graphics 2022/03/10 v1.4e Standard LaTeX Graphics (DPC,SPQR)
(C:\Users\USUARIO\AppData\Local\Programs\MiKTeX\tex/latex/graphics\trig.sty
Package: trig 2021/08/11 v1.11 sin cos tan (DPC)
)
(C:\Users\USUARIO\AppData\Local\Programs\MiKTeX\tex/latex/graphics-cfg\graphics
.cfg
File: graphics.cfg 2016/06/04 v1.11 sample graphics configuration
)
Package graphics Info: Driver file: pdftex.def on input line 107.

(C:\Users\USUARIO\AppData\Local\Programs\MiKTeX\tex/latex/graphics-def\pdftex.d
ef
File: pdftex.def 2022/09/22 v1.2b Graphics/color driver for pdftex
))
\Gin@req@height=\dimen141
\Gin@req@width=\dimen142
)
(C:\Users\USUARIO\AppData\Local\Programs\MiKTeX\tex/latex/pgf/frontendlayer\tik
z.sty
(C:\Users\USUARIO\AppData\Local\Programs\MiKTeX\tex/latex/pgf/basiclayer\pgf.st
y
(C:\Users\USUARIO\AppData\Local\Programs\MiKTeX\tex/latex/pgf/utilities\pgfrcs.
sty
(C:\Users\USUARIO\AppData\Local\Programs\MiKTeX\tex/generic/pgf/utilities\pgfut
il-common.tex
\pgfutil@everybye=\toks18
\pgfutil@tempdima=\dimen143
\pgfutil@tempdimb=\dimen144
)
(C:\Users\USUARIO\AppData\Local\Programs\MiKTeX\tex/generic/pgf/utilities\pgfut
il-latex.def
\pgfutil@abb=\box51
)
(C:\Users\USUARIO\AppData\Local\Programs\MiKTeX\tex/generic/pgf/utilities\pgfrc
s.code.tex
(C:\Users\USUARIO\AppData\Local\Programs\MiKTeX\tex/generic/pgf\pgf.revision.te
x)
Package: pgfrcs 2023-01-15 v3.1.10 (3.1.10)
))
Package: pgf 2023-01-15 v3.1.10 (3.1.10)

(C:\Users\USUARIO\AppData\Local\Programs\MiKTeX\tex/latex/pgf/basiclayer\pgfcor
e.sty
(C:\Users\USUARIO\AppData\Local\Programs\MiKTeX\tex/latex/pgf/systemlayer\pgfsy
s.sty
(C:\Users\USUARIO\AppData\Local\Programs\MiKTeX\tex/generic/pgf/systemlayer\pgf
sys.code.tex
Package: pgfsys 2023-01-15 v3.1.10 (3.1.10)

(C:\Users\USUARIO\AppData\Local\Programs\MiKTeX\tex/generic/pgf/utilities\pgfke
ys.code.tex
\pgfkeys@pathtoks=\toks19
\pgfkeys@temptoks=\toks20

(C:\Users\USUARIO\AppData\Local\Programs\MiKTeX\tex/generic/pgf/utilities\pgfke
yslibraryfiltered.code.tex
\pgfkeys@tmptoks=\toks21
))
\pgf@x=\dimen145
\pgf@y=\dimen146
\pgf@xa=\dimen147
\pgf@ya=\dimen148
\pgf@xb=\dimen149
\pgf@yb=\dimen150
\pgf@xc=\dimen151
\pgf@yc=\dimen152
\pgf@xd=\dimen153
\pgf@yd=\dimen154
\w@pgf@writea=\write3
\r@pgf@reada=\read2
\c@pgf@counta=\count195
\c@pgf@countb=\count196
\c@pgf@countc=\count197
\c@pgf@countd=\count198
\t@pgf@toka=\toks22
\t@pgf@tokb=\toks23
\t@pgf@tokc=\toks24
\pgf@sys@id@count=\count199

(C:\Users\USUARIO\AppData\Local\Programs\MiKTeX\tex/generic/pgf/systemlayer\pgf
.cfg
File: pgf.cfg 2023-01-15 v3.1.10 (3.1.10)
)
Driver file for pgf: pgfsys-pdftex.def

(C:\Users\USUARIO\AppData\Local\Programs\MiKTeX\tex/generic/pgf/systemlayer\pgf
sys-pdftex.def
File: pgfsys-pdftex.def 2023-01-15 v3.1.10 (3.1.10)

(C:\Users\USUARIO\AppData\Local\Programs\MiKTeX\tex/generic/pgf/systemlayer\pgf
sys-common-pdf.def
File: pgfsys-common-pdf.def 2023-01-15 v3.1.10 (3.1.10)
)))
(C:\Users\USUARIO\AppData\Local\Programs\MiKTeX\tex/generic/pgf/systemlayer\pgf
syssoftpath.code.tex
File: pgfsyssoftpath.code.tex 2023-01-15 v3.1.10 (3.1.10)
\pgfsyssoftpath@smallbuffer@items=\count266
\pgfsyssoftpath@bigbuffer@items=\count267
)
(C:\Users\USUARIO\AppData\Local\Programs\MiKTeX\tex/generic/pgf/systemlayer\pgf
sysprotocol.code.tex
File: pgfsysprotocol.code.tex 2023-01-15 v3.1.10 (3.1.10)
))
(C:\Users\USUARIO\AppData\Local\Programs\MiKTeX\tex/latex/xcolor\xcolor.sty
Package: xcolor 2023/11/15 v3.01 LaTeX color extensions (UK)

(C:\Users\USUARIO\AppData\Local\Programs\MiKTeX\tex/latex/graphics-cfg\color.cf
g
File: color.cfg 2016/01/02 v1.6 sample color configuration
)
Package xcolor Info: Driver file: pdftex.def on input line 274.

(C:\Users\USUARIO\AppData\Local\Programs\MiKTeX\tex/latex/graphics\mathcolor.lt
x)
Package xcolor Info: Model `cmy' substituted by `cmy0' on input line 1350.
Package xcolor Info: Model `hsb' substituted by `rgb' on input line 1354.
Package xcolor Info: Model `RGB' extended on input line 1366.
Package xcolor Info: Model `HTML' substituted by `rgb' on input line 1368.
Package xcolor Info: Model `Hsb' substituted by `hsb' on input line 1369.
Package xcolor Info: Model `tHsb' substituted by `hsb' on input line 1370.
Package xcolor Info: Model `HSB' substituted by `hsb' on input line 1371.
Package xcolor Info: Model `Gray' substituted by `gray' on input line 1372.
Package xcolor Info: Model `wave' substituted by `hsb' on input line 1373.
)
(C:\Users\USUARIO\AppData\Local\Programs\MiKTeX\tex/generic/pgf/basiclayer\pgfc
ore.code.tex
Package: pgfcore 2023-01-15 v3.1.10 (3.1.10)

(C:\Users\USUARIO\AppData\Local\Programs\MiKTeX\tex/generic/pgf/math\pgfmath.co
de.tex
(C:\Users\USUARIO\AppData\Local\Programs\MiKTeX\tex/generic/pgf/math\pgfmathuti
l.code.tex)
(C:\Users\USUARIO\AppData\Local\Programs\MiKTeX\tex/generic/pgf/math\pgfmathpar
ser.code.tex
\pgfmath@dimen=\dimen155
\pgfmath@count=\count268
\pgfmath@box=\box52
\pgfmath@toks=\toks25
\pgfmath@stack@operand=\toks26
\pgfmath@stack@operation=\toks27
)
(C:\Users\USUARIO\AppData\Local\Programs\MiKTeX\tex/generic/pgf/math\pgfmathfun
ctions.code.tex)
(C:\Users\USUARIO\AppData\Local\Programs\MiKTeX\tex/generic/pgf/math\pgfmathfun
ctions.basic.code.tex)
(C:\Users\USUARIO\AppData\Local\Programs\MiKTeX\tex/generic/pgf/math\pgfmathfun
ctions.trigonometric.code.tex)
(C:\Users\USUARIO\AppData\Local\Programs\MiKTeX\tex/generic/pgf/math\pgfmathfun
ctions.random.code.tex)
(C:\Users\USUARIO\AppData\Local\Programs\MiKTeX\tex/generic/pgf/math\pgfmathfun
ctions.comparison.code.tex)
(C:\Users\USUARIO\AppData\Local\Programs\MiKTeX\tex/generic/pgf/math\pgfmathfun
ctions.base.code.tex)
(C:\Users\USUARIO\AppData\Local\Programs\MiKTeX\tex/generic/pgf/math\pgfmathfun
ctions.round.code.tex)
(C:\Users\USUARIO\AppData\Local\Programs\MiKTeX\tex/generic/pgf/math\pgfmathfun
ctions.misc.code.tex)
(C:\Users\USUARIO\AppData\Local\Programs\MiKTeX\tex/generic/pgf/math\pgfmathfun
ctions.integerarithmetics.code.tex)
(C:\Users\USUARIO\AppData\Local\Programs\MiKTeX\tex/generic/pgf/math\pgfmathcal
c.code.tex)
(C:\Users\USUARIO\AppData\Local\Programs\MiKTeX\tex/generic/pgf/math\pgfmathflo
at.code.tex
\c@pgfmathroundto@lastzeros=\count269
))
(C:\Users\USUARIO\AppData\Local\Programs\MiKTeX\tex/generic/pgf/math\pgfint.cod
e.tex)
(C:\Users\USUARIO\AppData\Local\Programs\MiKTeX\tex/generic/pgf/basiclayer\pgfc
orepoints.code.tex
File: pgfcorepoints.code.tex 2023-01-15 v3.1.10 (3.1.10)
\pgf@picminx=\dimen156
\pgf@picmaxx=\dimen157
\pgf@picminy=\dimen158
\pgf@picmaxy=\dimen159
\pgf@pathminx=\dimen160
\pgf@pathmaxx=\dimen161
\pgf@pathminy=\dimen162
\pgf@pathmaxy=\dimen163
\pgf@xx=\dimen164
\pgf@xy=\dimen165
\pgf@yx=\dimen166
\pgf@yy=\dimen167
\pgf@zx=\dimen168
\pgf@zy=\dimen169
)
(C:\Users\USUARIO\AppData\Local\Programs\MiKTeX\tex/generic/pgf/basiclayer\pgfc
orepathconstruct.code.tex
File: pgfcorepathconstruct.code.tex 2023-01-15 v3.1.10 (3.1.10)
\pgf@path@lastx=\dimen170
\pgf@path@lasty=\dimen171
)
(C:\Users\USUARIO\AppData\Local\Programs\MiKTeX\tex/generic/pgf/basiclayer\pgfc
orepathusage.code.tex
File: pgfcorepathusage.code.tex 2023-01-15 v3.1.10 (3.1.10)
\pgf@shorten@end@additional=\dimen172
\pgf@shorten@start@additional=\dimen173
)
(C:\Users\USUARIO\AppData\Local\Programs\MiKTeX\tex/generic/pgf/basiclayer\pgfc
orescopes.code.tex
File: pgfcorescopes.code.tex 2023-01-15 v3.1.10 (3.1.10)
\pgfpic=\box53
\pgf@hbox=\box54
\pgf@layerbox@main=\box55
\pgf@picture@serial@count=\count270
)
(C:\Users\USUARIO\AppData\Local\Programs\MiKTeX\tex/generic/pgf/basiclayer\pgfc
oregraphicstate.code.tex
File: pgfcoregraphicstate.code.tex 2023-01-15 v3.1.10 (3.1.10)
\pgflinewidth=\dimen174
)
(C:\Users\USUARIO\AppData\Local\Programs\MiKTeX\tex/generic/pgf/basiclayer\pgfc
oretransformations.code.tex
File: pgfcoretransformations.code.tex 2023-01-15 v3.1.10 (3.1.10)
\pgf@pt@x=\dimen175
\pgf@pt@y=\dimen176
\pgf@pt@temp=\dimen177
)
(C:\Users\USUARIO\AppData\Local\Programs\MiKTeX\tex/generic/pgf/basiclayer\pgfc
orequick.code.tex
File: pgfcorequick.code.tex 2023-01-15 v3.1.10 (3.1.10)
)
(C:\Users\USUARIO\AppData\Local\Programs\MiKTeX\tex/generic/pgf/basiclayer\pgfc
oreobjects.code.tex
File: pgfcoreobjects.code.tex 2023-01-15 v3.1.10 (3.1.10)
)
(C:\Users\USUARIO\AppData\Local\Programs\MiKTeX\tex/generic/pgf/basiclayer\pgfc
orepathprocessing.code.tex
File: pgfcorepathprocessing.code.tex 2023-01-15 v3.1.10 (3.1.10)
)
(C:\Users\USUARIO\AppData\Local\Programs\MiKTeX\tex/generic/pgf/basiclayer\pgfc
orearrows.code.tex
File: pgfcorearrows.code.tex 2023-01-15 v3.1.10 (3.1.10)
\pgfarrowsep=\dimen178
)
(C:\Users\USUARIO\AppData\Local\Programs\MiKTeX\tex/generic/pgf/basiclayer\pgfc
oreshade.code.tex
File: pgfcoreshade.code.tex 2023-01-15 v3.1.10 (3.1.10)
\pgf@max=\dimen179
\pgf@sys@shading@range@num=\count271
\pgf@shadingcount=\count272
)
(C:\Users\USUARIO\AppData\Local\Programs\MiKTeX\tex/generic/pgf/basiclayer\pgfc
oreimage.code.tex
File: pgfcoreimage.code.tex 2023-01-15 v3.1.10 (3.1.10)
)
(C:\Users\USUARIO\AppData\Local\Programs\MiKTeX\tex/generic/pgf/basiclayer\pgfc
oreexternal.code.tex
File: pgfcoreexternal.code.tex 2023-01-15 v3.1.10 (3.1.10)
\pgfexternal@startupbox=\box56
)
(C:\Users\USUARIO\AppData\Local\Programs\MiKTeX\tex/generic/pgf/basiclayer\pgfc
orelayers.code.tex
File: pgfcorelayers.code.tex 2023-01-15 v3.1.10 (3.1.10)
)
(C:\Users\USUARIO\AppData\Local\Programs\MiKTeX\tex/generic/pgf/basiclayer\pgfc
oretransparency.code.tex
File: pgfcoretransparency.code.tex 2023-01-15 v3.1.10 (3.1.10)
)
(C:\Users\USUARIO\AppData\Local\Programs\MiKTeX\tex/generic/pgf/basiclayer\pgfc
orepatterns.code.tex
File: pgfcorepatterns.code.tex 2023-01-15 v3.1.10 (3.1.10)
)
(C:\Users\USUARIO\AppData\Local\Programs\MiKTeX\tex/generic/pgf/basiclayer\pgfc
orerdf.code.tex
File: pgfcorerdf.code.tex 2023-01-15 v3.1.10 (3.1.10)
)))
(C:\Users\USUARIO\AppData\Local\Programs\MiKTeX\tex/generic/pgf/modules\pgfmodu
leshapes.code.tex
File: pgfmoduleshapes.code.tex 2023-01-15 v3.1.10 (3.1.10)
\pgfnodeparttextbox=\box57
)
(C:\Users\USUARIO\AppData\Local\Programs\MiKTeX\tex/generic/pgf/modules\pgfmodu
leplot.code.tex
File: pgfmoduleplot.code.tex 2023-01-15 v3.1.10 (3.1.10)
)
(C:\Users\USUARIO\AppData\Local\Programs\MiKTeX\tex/latex/pgf/compatibility\pgf
comp-version-0-65.sty
Package: pgfcomp-version-0-65 2023-01-15 v3.1.10 (3.1.10)
\pgf@nodesepstart=\dimen180
\pgf@nodesepend=\dimen181
)
(C:\Users\USUARIO\AppData\Local\Programs\MiKTeX\tex/latex/pgf/compatibility\pgf
comp-version-1-18.sty
Package: pgfcomp-version-1-18 2023-01-15 v3.1.10 (3.1.10)
))
(C:\Users\USUARIO\AppData\Local\Programs\MiKTeX\tex/latex/pgf/utilities\pgffor.
sty
(C:\Users\USUARIO\AppData\Local\Programs\MiKTeX\tex/latex/pgf/utilities\pgfkeys
.sty
(C:\Users\USUARIO\AppData\Local\Programs\MiKTeX\tex/generic/pgf/utilities\pgfke
ys.code.tex))
(C:\Users\USUARIO\AppData\Local\Programs\MiKTeX\tex/latex/pgf/math\pgfmath.sty
(C:\Users\USUARIO\AppData\Local\Programs\MiKTeX\tex/generic/pgf/math\pgfmath.co
de.tex))
(C:\Users\USUARIO\AppData\Local\Programs\MiKTeX\tex/generic/pgf/utilities\pgffo
r.code.tex
Package: pgffor 2023-01-15 v3.1.10 (3.1.10)
\pgffor@iter=\dimen182
\pgffor@skip=\dimen183
\pgffor@stack=\toks28
\pgffor@toks=\toks29
))
(C:\Users\USUARIO\AppData\Local\Programs\MiKTeX\tex/generic/pgf/frontendlayer/t
ikz\tikz.code.tex
Package: tikz 2023-01-15 v3.1.10 (3.1.10)

(C:\Users\USUARIO\AppData\Local\Programs\MiKTeX\tex/generic/pgf/libraries\pgfli
braryplothandlers.code.tex
File: pgflibraryplothandlers.code.tex 2023-01-15 v3.1.10 (3.1.10)
\pgf@plot@mark@count=\count273
\pgfplotmarksize=\dimen184
)
\tikz@lastx=\dimen185
\tikz@lasty=\dimen186
\tikz@lastxsaved=\dimen187
\tikz@lastysaved=\dimen188
\tikz@lastmovetox=\dimen189
\tikz@lastmovetoy=\dimen190
\tikzleveldistance=\dimen191
\tikzsiblingdistance=\dimen192
\tikz@figbox=\box58
\tikz@figbox@bg=\box59
\tikz@tempbox=\box60
\tikz@tempbox@bg=\box61
\tikztreelevel=\count274
\tikznumberofchildren=\count275
\tikznumberofcurrentchild=\count276
\tikz@fig@count=\count277

(C:\Users\USUARIO\AppData\Local\Programs\MiKTeX\tex/generic/pgf/modules\pgfmodu
lematrix.code.tex
File: pgfmodulematrix.code.tex 2023-01-15 v3.1.10 (3.1.10)
\pgfmatrixcurrentrow=\count278
\pgfmatrixcurrentcolumn=\count279
\pgf@matrix@numberofcolumns=\count280
)
\tikz@expandcount=\count281

(C:\Users\USUARIO\AppData\Local\Programs\MiKTeX\tex/generic/pgf/frontendlayer/t
ikz/libraries\tikzlibrarytopaths.code.tex
File: tikzlibrarytopaths.code.tex 2023-01-15 v3.1.10 (3.1.10)
)))
(C:\Users\USUARIO\AppData\Local\Programs\MiKTeX\tex/latex/natbib\natbib.sty
Package: natbib 2010/09/13 8.31b (PWD, AO)
\bibhang=\skip50
\bibsep=\skip51
LaTeX Info: Redefining \cite on input line 694.
\c@NAT@ctr=\count282
)
(C:\Users\USUARIO\AppData\Local\Programs\MiKTeX\tex/latex/tools\array.sty
Package: array 2023/10/16 v2.5g Tabular extension package (FMi)
\col@sep=\dimen193
\ar@mcellbox=\box62
\extrarowheight=\dimen194
\NC@list=\toks30
\extratabsurround=\skip52
\backup@length=\skip53
\ar@cellbox=\box63
)
(C:\Users\USUARIO\AppData\Local\Programs\MiKTeX\tex/latex/amsmath\amsmath.sty
Package: amsmath 2023/05/13 v2.17o AMS math features
\@mathmargin=\skip54

For additional information on amsmath, use the `?' option.
(C:\Users\USUARIO\AppData\Local\Programs\MiKTeX\tex/latex/amsmath\amstext.sty
Package: amstext 2021/08/26 v2.01 AMS text

(C:\Users\USUARIO\AppData\Local\Programs\MiKTeX\tex/latex/amsmath\amsgen.sty
File: amsgen.sty 1999/11/30 v2.0 generic functions
\@emptytoks=\toks31
\ex@=\dimen195
))
(C:\Users\USUARIO\AppData\Local\Programs\MiKTeX\tex/latex/amsmath\amsbsy.sty
Package: amsbsy 1999/11/29 v1.2d Bold Symbols
\pmbraise@=\dimen196
)
(C:\Users\USUARIO\AppData\Local\Programs\MiKTeX\tex/latex/amsmath\amsopn.sty
Package: amsopn 2022/04/08 v2.04 operator names
)
\inf@bad=\count283
LaTeX Info: Redefining \frac on input line 234.
\uproot@=\count284
\leftroot@=\count285
LaTeX Info: Redefining \overline on input line 399.
LaTeX Info: Redefining \colon on input line 410.
\classnum@=\count286
\DOTSCASE@=\count287
LaTeX Info: Redefining \ldots on input line 496.
LaTeX Info: Redefining \dots on input line 499.
LaTeX Info: Redefining \cdots on input line 620.
\Mathstrutbox@=\box64
\strutbox@=\box65
LaTeX Info: Redefining \big on input line 722.
LaTeX Info: Redefining \Big on input line 723.
LaTeX Info: Redefining \bigg on input line 724.
LaTeX Info: Redefining \Bigg on input line 725.
\big@size=\dimen197
LaTeX Font Info:    Redeclaring font encoding OML on input line 743.
LaTeX Font Info:    Redeclaring font encoding OMS on input line 744.
\macc@depth=\count288
LaTeX Info: Redefining \bmod on input line 905.
LaTeX Info: Redefining \pmod on input line 910.
LaTeX Info: Redefining \smash on input line 940.
LaTeX Info: Redefining \relbar on input line 970.
LaTeX Info: Redefining \Relbar on input line 971.
\c@MaxMatrixCols=\count289
\dotsspace@=\muskip16
\c@parentequation=\count290
\dspbrk@lvl=\count291
\tag@help=\toks32
\row@=\count292
\column@=\count293
\maxfields@=\count294
\andhelp@=\toks33
\eqnshift@=\dimen198
\alignsep@=\dimen199
\tagshift@=\dimen256
\tagwidth@=\dimen257
\totwidth@=\dimen258
\lineht@=\dimen259
\@envbody=\toks34
\multlinegap=\skip55
\multlinetaggap=\skip56
\mathdisplay@stack=\toks35
LaTeX Info: Redefining \[ on input line 2953.
LaTeX Info: Redefining \] on input line 2954.
)
(C:\Users\USUARIO\AppData\Local\Programs\MiKTeX\tex/latex/amsfonts\amssymb.sty
Package: amssymb 2013/01/14 v3.01 AMS font symbols

(C:\Users\USUARIO\AppData\Local\Programs\MiKTeX\tex/latex/amsfonts\amsfonts.sty
Package: amsfonts 2013/01/14 v3.01 Basic AMSFonts support
\symAMSa=\mathgroup4
\symAMSb=\mathgroup5
LaTeX Font Info:    Redeclaring math symbol \hbar on input line 98.
LaTeX Font Info:    Overwriting math alphabet `\mathfrak' in version `bold'
(Font)                  U/euf/m/n --> U/euf/b/n on input line 106.
))
(C:\Users\USUARIO\AppData\Local\Programs\MiKTeX\tex/latex/graphics\lscape.sty
Package: lscape 2020/05/28 v3.02 Landscape Pages (DPC)
)
(C:\Users\USUARIO\AppData\Local\Programs\MiKTeX\tex/latex/float\float.sty
Package: float 2001/11/08 v1.3d Float enhancements (AL)
\c@float@type=\count295
\float@exts=\toks36
\float@box=\box66
\@float@everytoks=\toks37
\@floatcapt=\box67
)
(C:\Users\USUARIO\AppData\Local\Programs\MiKTeX\tex/latex/pgfplots\pgfplots.sty

(C:\Users\USUARIO\AppData\Local\Programs\MiKTeX\tex/generic/pgfplots\pgfplots.r
evision.tex)
Package: pgfplots 2021/05/15 v1.18.1 Data Visualization (1.18.1)

(C:\Users\USUARIO\AppData\Local\Programs\MiKTeX\tex/generic/pgfplots\pgfplots.c
ode.tex
(C:\Users\USUARIO\AppData\Local\Programs\MiKTeX\tex/generic/pgfplots\pgfplotsco
re.code.tex
\t@pgfplots@toka=\toks38
\t@pgfplots@tokb=\toks39
\t@pgfplots@tokc=\toks40
\pgfplots@tmpa=\dimen260
\c@pgfplots@coordindex=\count296
\c@pgfplots@scanlineindex=\count297

(C:\Users\USUARIO\AppData\Local\Programs\MiKTeX\tex/generic/pgfplots/sys\pgfplo
tssysgeneric.code.tex))
(C:\Users\USUARIO\AppData\Local\Programs\MiKTeX\tex/generic/pgfplots/libs\pgfpl
otslibrary.code.tex)
(C:\Users\USUARIO\AppData\Local\Programs\MiKTeX\tex/generic/pgfplots/oldpgfcomp
atib\pgfplotsoldpgfsupp_loader.code.tex
(C:\Users\USUARIO\AppData\Local\Programs\MiKTeX\tex/generic/pgf/libraries\pgfli
braryfpu.code.tex)
Package pgfplots: loading complementary utilities for your pgf version...
\t@pgf@toka=\toks41
\t@pgf@tokb=\toks42
\t@pgf@tokc=\toks43

(C:\Users\USUARIO\AppData\Local\Programs\MiKTeX\tex/generic/pgfplots/oldpgfcomp
atib\pgfplotsoldpgfsupp_pgfutil-common-lists.tex))
(C:\Users\USUARIO\AppData\Local\Programs\MiKTeX\tex/generic/pgfplots/util\pgfpl
otsutil.code.tex
(C:\Users\USUARIO\AppData\Local\Programs\MiKTeX\tex/generic/pgfplots/liststruct
ure\pgfplotsliststructure.code.tex)
(C:\Users\USUARIO\AppData\Local\Programs\MiKTeX\tex/generic/pgfplots/liststruct
ure\pgfplotsliststructureext.code.tex)
(C:\Users\USUARIO\AppData\Local\Programs\MiKTeX\tex/generic/pgfplots/liststruct
ure\pgfplotsarray.code.tex
\c@pgfplotsarray@tmp=\count298
)
(C:\Users\USUARIO\AppData\Local\Programs\MiKTeX\tex/generic/pgfplots/liststruct
ure\pgfplotsmatrix.code.tex)
(C:\Users\USUARIO\AppData\Local\Programs\MiKTeX\tex/generic/pgfplots/numtable\p
gfplotstableshared.code.tex
\c@pgfplotstable@counta=\count299
\t@pgfplotstable@a=\toks44
)
(C:\Users\USUARIO\AppData\Local\Programs\MiKTeX\tex/generic/pgfplots/liststruct
ure\pgfplotsdeque.code.tex)
(C:\Users\USUARIO\AppData\Local\Programs\MiKTeX\tex/generic/pgfplots/util\pgfpl
otsbinary.code.tex
(C:\Users\USUARIO\AppData\Local\Programs\MiKTeX\tex/generic/pgfplots/util\pgfpl
otsbinary.data.code.tex))
(C:\Users\USUARIO\AppData\Local\Programs\MiKTeX\tex/generic/pgfplots/util\pgfpl
otsutil.verb.code.tex)
(C:\Users\USUARIO\AppData\Local\Programs\MiKTeX\tex/generic/pgfplots/libs\pgfli
brarypgfplots.surfshading.code.tex
\c@pgfplotslibrarysurf@no=\count300

(C:\Users\USUARIO\AppData\Local\Programs\MiKTeX\tex/generic/pgfplots/sys\pgflib
rarypgfplots.surfshading.pgfsys-pdftex.def)))
(C:\Users\USUARIO\AppData\Local\Programs\MiKTeX\tex/generic/pgfplots/util\pgfpl
otscolormap.code.tex
(C:\Users\USUARIO\AppData\Local\Programs\MiKTeX\tex/generic/pgfplots/util\pgfpl
otscolor.code.tex))
(C:\Users\USUARIO\AppData\Local\Programs\MiKTeX\tex/generic/pgfplots\pgfplotsst
ackedplots.code.tex)
(C:\Users\USUARIO\AppData\Local\Programs\MiKTeX\tex/generic/pgfplots\pgfplotspl
othandlers.code.tex
(C:\Users\USUARIO\AppData\Local\Programs\MiKTeX\tex/generic/pgfplots\pgfplotsme
shplothandler.code.tex
(C:\Users\USUARIO\AppData\Local\Programs\MiKTeX\tex/generic/pgfplots\pgfplotsme
shplotimage.code.tex)))
(C:\Users\USUARIO\AppData\Local\Programs\MiKTeX\tex/generic/pgfplots\pgfplots.s
caling.code.tex)
(C:\Users\USUARIO\AppData\Local\Programs\MiKTeX\tex/generic/pgfplots\pgfplotsco
ordprocessing.code.tex)
(C:\Users\USUARIO\AppData\Local\Programs\MiKTeX\tex/generic/pgfplots\pgfplots.e
rrorbars.code.tex)
(C:\Users\USUARIO\AppData\Local\Programs\MiKTeX\tex/generic/pgfplots\pgfplots.m
arkers.code.tex)
(C:\Users\USUARIO\AppData\Local\Programs\MiKTeX\tex/generic/pgfplots\pgfplotsti
cks.code.tex)
(C:\Users\USUARIO\AppData\Local\Programs\MiKTeX\tex/generic/pgfplots\pgfplots.p
aths.code.tex)
(C:\Users\USUARIO\AppData\Local\Programs\MiKTeX\tex/generic/pgf/frontendlayer/t
ikz/libraries\tikzlibrarydecorations.code.tex
(C:\Users\USUARIO\AppData\Local\Programs\MiKTeX\tex/generic/pgf/modules\pgfmodu
ledecorations.code.tex
\pgfdecoratedcompleteddistance=\dimen261
\pgfdecoratedremainingdistance=\dimen262
\pgfdecoratedinputsegmentcompleteddistance=\dimen263
\pgfdecoratedinputsegmentremainingdistance=\dimen264
\pgf@decorate@distancetomove=\dimen265
\pgf@decorate@repeatstate=\count301
\pgfdecorationsegmentamplitude=\dimen266
\pgfdecorationsegmentlength=\dimen267
)
\tikz@lib@dec@box=\box68
)
(C:\Users\USUARIO\AppData\Local\Programs\MiKTeX\tex/generic/pgf/frontendlayer/t
ikz/libraries\tikzlibrarydecorations.pathmorphing.code.tex
(C:\Users\USUARIO\AppData\Local\Programs\MiKTeX\tex/generic/pgf/libraries/decor
ations\pgflibrarydecorations.pathmorphing.code.tex))
(C:\Users\USUARIO\AppData\Local\Programs\MiKTeX\tex/generic/pgf/frontendlayer/t
ikz/libraries\tikzlibrarydecorations.pathreplacing.code.tex
(C:\Users\USUARIO\AppData\Local\Programs\MiKTeX\tex/generic/pgf/libraries/decor
ations\pgflibrarydecorations.pathreplacing.code.tex))
(C:\Users\USUARIO\AppData\Local\Programs\MiKTeX\tex/generic/pgfplots/libs\tikzl
ibrarypgfplots.contourlua.code.tex)
\pgfplots@numplots=\count302
\pgfplots@xmin@reg=\dimen268
\pgfplots@xmax@reg=\dimen269
\pgfplots@ymin@reg=\dimen270
\pgfplots@ymax@reg=\dimen271
\pgfplots@zmin@reg=\dimen272
\pgfplots@zmax@reg=\dimen273
)
(C:\Users\USUARIO\AppData\Local\Programs\MiKTeX\tex/generic/pgf/frontendlayer/t
ikz/libraries\tikzlibraryplotmarks.code.tex
File: tikzlibraryplotmarks.code.tex 2023-01-15 v3.1.10 (3.1.10)

(C:\Users\USUARIO\AppData\Local\Programs\MiKTeX\tex/generic/pgf/libraries\pgfli
braryplotmarks.code.tex
File: pgflibraryplotmarks.code.tex 2023-01-15 v3.1.10 (3.1.10)
)))
(C:\Users\USUARIO\AppData\Local\Programs\MiKTeX\tex/generic/pgf/frontendlayer/t
ikz/libraries\tikzlibraryshapes.geometric.code.tex
File: tikzlibraryshapes.geometric.code.tex 2023-01-15 v3.1.10 (3.1.10)

(C:\Users\USUARIO\AppData\Local\Programs\MiKTeX\tex/generic/pgf/libraries/shape
s\pgflibraryshapes.geometric.code.tex
File: pgflibraryshapes.geometric.code.tex 2023-01-15 v3.1.10 (3.1.10)
))
(C:\Users\USUARIO\AppData\Local\Programs\MiKTeX\tex/generic/pgf/frontendlayer/t
ikz/libraries\tikzlibraryarrows.code.tex
File: tikzlibraryarrows.code.tex 2023-01-15 v3.1.10 (3.1.10)

(C:\Users\USUARIO\AppData\Local\Programs\MiKTeX\tex/generic/pgf/libraries\pgfli
braryarrows.code.tex
File: pgflibraryarrows.code.tex 2023-01-15 v3.1.10 (3.1.10)
\arrowsize=\dimen274
))
(C:\Users\USUARIO\AppData\Local\Programs\MiKTeX\tex/generic/pgfplots/pgfcontrib
\tikzlibraryfillbetween.code.tex
(C:\Users\USUARIO\AppData\Local\Programs\MiKTeX\tex/generic/pgf/frontendlayer/t
ikz/libraries\tikzlibraryintersections.code.tex
(C:\Users\USUARIO\AppData\Local\Programs\MiKTeX\tex/generic/pgf/libraries\pgfli
braryintersections.code.tex
\pgf@intersect@solutions=\count303
))
(C:\Users\USUARIO\AppData\Local\Programs\MiKTeX\tex/generic/pgfplots/pgfcontrib
\tikzlibrarydecorations.softclip.code.tex
(C:\Users\USUARIO\AppData\Local\Programs\MiKTeX\tex/generic/pgfplots/pgfcontrib
\pgflibraryfillbetween.code.tex)))
(C:\Users\USUARIO\AppData\Local\Programs\MiKTeX\tex/latex/l3backend\l3backend-p
dftex.def
File: l3backend-pdftex.def 2024-01-04 L3 backend support: PDF output (pdfTeX)
\l__color_backend_stack_int=\count304
\l__pdf_internal_box=\box69
) (article.aux

LaTeX Warning: Label `fig:example_intervals' multiply defined.

)
\openout1 = `article.aux'.

LaTeX Font Info:    Checking defaults for OML/cmm/m/it on input line 19.
LaTeX Font Info:    ... okay on input line 19.
LaTeX Font Info:    Checking defaults for OMS/cmsy/m/n on input line 19.
LaTeX Font Info:    ... okay on input line 19.
LaTeX Font Info:    Checking defaults for OT1/cmr/m/n on input line 19.
LaTeX Font Info:    ... okay on input line 19.
LaTeX Font Info:    Checking defaults for T1/cmr/m/n on input line 19.
LaTeX Font Info:    ... okay on input line 19.
LaTeX Font Info:    Checking defaults for TS1/cmr/m/n on input line 19.
LaTeX Font Info:    ... okay on input line 19.
LaTeX Font Info:    Checking defaults for OMX/cmex/m/n on input line 19.
LaTeX Font Info:    ... okay on input line 19.
LaTeX Font Info:    Checking defaults for U/cmr/m/n on input line 19.
LaTeX Font Info:    ... okay on input line 19.

(C:\Users\USUARIO\AppData\Local\Programs\MiKTeX\tex/context/base/mkii\supp-pdf.
mkii
[Loading MPS to PDF converter (version 2006.09.02).]
\scratchcounter=\count305
\scratchdimen=\dimen275
\scratchbox=\box70
\nofMPsegments=\count306
\nofMParguments=\count307
\everyMPshowfont=\toks45
\MPscratchCnt=\count308
\MPscratchDim=\dimen276
\MPnumerator=\count309
\makeMPintoPDFobject=\count310
\everyMPtoPDFconversion=\toks46
)
(C:\Users\USUARIO\AppData\Local\Programs\MiKTeX\tex/latex/epstopdf-pkg\epstopdf
-base.sty
Package: epstopdf-base 2020-01-24 v2.11 Base part for package epstopdf
Package epstopdf-base Info: Redefining graphics rule for `.eps' on input line 4
85.

(C:\Users\USUARIO\AppData\Local\Programs\MiKTeX\tex/latex/00miktex\epstopdf-sys
.cfg
File: epstopdf-sys.cfg 2021/03/18 v2.0 Configuration of epstopdf for MiKTeX
))

Package pgfplots Warning: running in backwards compatibility mode (unsuitable t
ick labels; missing features). Consider writing \pgfplotsset{compat=1.18} into 
your preamble.
 on input line 19.

LaTeX Font Info:    Trying to load font information for U+msa on input line 21.

(C:\Users\USUARIO\AppData\Local\Programs\MiKTeX\tex/latex/amsfonts\umsa.fd
File: umsa.fd 2013/01/14 v3.01 AMS symbols A
)
LaTeX Font Info:    Trying to load font information for U+msb on input line 21.


(C:\Users\USUARIO\AppData\Local\Programs\MiKTeX\tex/latex/amsfonts\umsb.fd
File: umsb.fd 2013/01/14 v3.01 AMS symbols B
)
Underfull \hbox (badness 10000) in paragraph at lines 39--39
[]|\OT1/cmr/m/n/10 Consumers'
 []


Underfull \hbox (badness 10000) in paragraph at lines 39--39
\OT1/cmr/m/n/10 pref-er-ences on
 []


Underfull \hbox (badness 7030) in paragraph at lines 39--39
\OT1/cmr/m/n/10 the Swiss car
 []


Underfull \hbox (badness 10000) in paragraph at lines 39--39
\OT1/cmr/m/n/10 mar-ket: A
 []


Underfull \hbox (badness 1881) in paragraph at lines 39--39
[]|\OT1/cmr/m/n/10 hedonic pric-ing
 []


Underfull \hbox (badness 10000) in paragraph at lines 39--39
\OT1/cmr/m/n/10 ap-proach and
 []


Underfull \hbox (badness 10000) in paragraph at lines 39--39
[]|\OT1/cmr/m/n/10 Were ob-tained
 []


Underfull \hbox (badness 10000) in paragraph at lines 39--39
\OT1/cmr/m/n/10 on the auto-
 []


Underfull \hbox (badness 10000) in paragraph at lines 39--40
[]|\OT1/cmr/m/n/10 How lastly the
 []


Underfull \hbox (badness 10000) in paragraph at lines 39--40
\OT1/cmr/m/n/10 cos-tumers have
 []


Underfull \hbox (badness 10000) in paragraph at lines 39--40
\OT1/cmr/m/n/10 been pre-ferred
 []


Underfull \hbox (badness 3078) in paragraph at lines 39--40
\OT1/cmr/m/n/10 lighter cars than
 []


Underfull \hbox (badness 3108) in paragraph at lines 39--40
\OT1/cmr/m/n/10 in-creas-ing of the
 []


Underfull \hbox (badness 7540) in paragraph at lines 39--40
\OT1/cmr/m/n/10 weight cars and
 []


Underfull \hbox (badness 1675) in paragraph at lines 39--40
\OT1/cmr/m/n/10 the cos-tumer the
 []


Underfull \hbox (badness 4291) in paragraph at lines 39--40
\OT1/cmr/m/n/10 ef-fi-ciency on the
 []


Underfull \hbox (badness 3058) in paragraph at lines 41--41
[]|[]\OT1/cmr/m/n/10 Ikinci El Oto-
 []


Underfull \hbox (badness 10000) in paragraph at lines 41--41
\OT1/cmr/m/n/10 mo-bil Fiyat
 []


Underfull \hbox (badness 10000) in paragraph at lines 41--41
\OT1/cmr/m/n/10 Art^^P^^Xs^^Pna
 []


Underfull \hbox (badness 10000) in paragraph at lines 41--41
\OT1/cmr/m/n/10 Etki Eden
 []


Underfull \hbox (badness 10000) in paragraph at lines 41--41
\OT1/cmr/m/n/10 Fakt^^?orlerin
 []


Underfull \hbox (badness 10000) in paragraph at lines 41--41
\OT1/cmr/m/n/10 Yap^^Psal E^^Xsitlik
 []


Underfull \hbox (badness 10000) in paragraph at lines 41--41
\OT1/cmr/m/n/10 Mod-eli ile
 []


Underfull \hbox (badness 10000) in paragraph at lines 41--41
\OT1/cmr/m/n/10 De-ter-mi-na-tion
 []


Underfull \hbox (badness 10000) in paragraph at lines 41--41
\OT1/cmr/m/n/10 of the Fac-
 []


Underfull \hbox (badness 10000) in paragraph at lines 41--41
\OT1/cmr/m/n/10 tors Af-fect-ing
 []


Underfull \hbox (badness 5908) in paragraph at lines 41--41
\OT1/cmr/m/n/10 the Used Car
 []


Underfull \hbox (badness 10000) in paragraph at lines 41--41
\OT1/cmr/m/n/10 Price In-crease
 []


Underfull \hbox (badness 6775) in paragraph at lines 41--41
\OT1/cmr/m/n/10 tural Equa-tion
 []


Underfull \hbox (badness 10000) in paragraph at lines 41--41
\OT1/cmr/m/n/10 Model: The
 []


Underfull \hbox (badness 10000) in paragraph at lines 41--41
\OT1/cmr/m/n/10 Case of Van
 []


Underfull \hbox (badness 7203) in paragraph at lines 41--41
\OT1/cmr/m/n/10 tured equa-tion
 []


Underfull \hbox (badness 10000) in paragraph at lines 41--41
[]|\OT1/cmr/m/n/10 Were ob-tained
 []


Underfull \hbox (badness 1348) in paragraph at lines 41--41
\OT1/cmr/m/n/10 due to sur-veys
 []


Underfull \hbox (badness 10000) in paragraph at lines 41--42
\OT1/cmr/m/n/10 how the sev-eral
 []


Underfull \hbox (badness 10000) in paragraph at lines 41--42
\OT1/cmr/m/n/10 fea-tures as eco-
 []


Underfull \hbox (badness 10000) in paragraph at lines 41--42
\OT1/cmr/m/n/10 strate-gies and
 []


Underfull \hbox (badness 10000) in paragraph at lines 41--42
\OT1/cmr/m/n/10 sup-ply-ing are
 []


Underfull \hbox (badness 10000) in paragraph at lines 41--42
\OT1/cmr/m/n/10 cor-re-lated with
 []


Underfull \hbox (badness 10000) in paragraph at lines 41--42
\OT1/cmr/m/n/10 the amount of
 []


Underfull \hbox (badness 10000) in paragraph at lines 41--42
\OT1/cmr/m/n/10 prices, how-ever
 []


Underfull \hbox (badness 10000) in paragraph at lines 43--43
\OT1/cmr/m/n/10 More Sus-tain-
 []


Underfull \hbox (badness 10000) in paragraph at lines 43--43
\OT1/cmr/m/n/10 able? Price
 []


Underfull \hbox (badness 10000) in paragraph at lines 43--43
\OT1/cmr/m/n/10 Pre-dic-tion
 []


Underfull \hbox (badness 10000) in paragraph at lines 43--43
[]|\OT1/cmr/m/n/10 Linear re-gres-
 []


Underfull \hbox (badness 2277) in paragraph at lines 43--44
\OT1/cmr/m/n/10 to find out that
 []


Overfull \hbox (84.4403pt too wide) in paragraph at lines 36--46
 [] 
 []

[1

{C:/Users/USUARIO/AppData/Local/MiKTeX/fonts/map/pdftex/pdftex.map}]
Overfull \vbox (9.75081pt too high) has occurred while \output is active []


[2] [3] [4] [5]
Overfull \hbox (103.85725pt too wide) in paragraph at lines 232--233
[][] 
 []

[6]
<data1_plot1.png, id=35, 422.7795pt x 426.393pt>
File: data1_plot1.png Graphic file (type png)
<use data1_plot1.png>
Package pdftex.def Info: data1_plot1.png  used on input line 280.
(pdftex.def)             Requested size: 224.2479pt x 226.16939pt.


LaTeX Warning: `h' float specifier changed to `ht'.

[7] [8 <./data1_plot1.png>]
<model_1.png, id=46, 611.4042pt x 396.0396pt>
File: model_1.png Graphic file (type png)
<use model_1.png>
Package pdftex.def Info: model_1.png  used on input line 320.
(pdftex.def)             Requested size: 224.2479pt x 145.25726pt.
<data2_plot.png, id=47, 849.1725pt x 550.055pt>
File: data2_plot.png Graphic file (type png)
<use data2_plot.png>
Package pdftex.def Info: data2_plot.png  used on input line 347.
(pdftex.def)             Requested size: 224.2479pt x 145.25189pt.


LaTeX Warning: `h' float specifier changed to `ht'.

[9 <./model_1.png>]
<model_2.png, id=52, 857.2025pt x 550.055pt>
File: model_2.png Graphic file (type png)
<use model_2.png>
Package pdftex.def Info: model_2.png  used on input line 375.
(pdftex.def)             Requested size: 224.2479pt x 143.8922pt.
 [10 <./data2_plot.png> <./model_2.png>]
<model_3_3.png, id=56, 858.20625pt x 550.055pt>
File: model_3_3.png Graphic file (type png)
<use model_3_3.png>
Package pdftex.def Info: model_3_3.png  used on input line 404.
(pdftex.def)             Requested size: 224.2479pt x 143.72433pt.
 [11 <./model_3_3.png>] [12]
<heatmap.png, id=68, 895.345pt x 778.91pt>
File: heatmap.png Graphic file (type png)
<use heatmap.png>
Package pdftex.def Info: heatmap.png  used on input line 560.
(pdftex.def)             Requested size: 379.5021pt x 330.15881pt.

Overfull \hbox (34.5021pt too wide) in paragraph at lines 560--561
 [] 
 []

[13]
<box.png, id=73, 571.13374pt x 414.54875pt>
File: box.png Graphic file (type png)
<use box.png>
Package pdftex.def Info: box.png  used on input line 572.
(pdftex.def)             Requested size: 172.5pt x 125.20686pt.
<box2.png, id=74, 549.05125pt x 414.54875pt>
File: box2.png Graphic file (type png)
<use box2.png>
Package pdftex.def Info: box2.png  used on input line 578.
(pdftex.def)             Requested size: 172.5pt x 130.24196pt.
 [14 <./heatmap.png>] [15 <./box.png> <./box2.png>]
Overfull \hbox (21.05652pt too wide) in paragraph at lines 649--651
\OT1/cmr/m/n/10 Prediction for x=0.9: 0.8331700416235279 Ci of 95%for x=0.9: (0
.6006405680156519,
 []

[16]
Overfull \hbox (24.72316pt too wide) in paragraph at lines 694--698
[]\OT1/cmr/m/n/10 slopes=0.18958328,0.50766223 ,-1.26198477, -0.99000114 ,-0.92
894517, -0.6305545,
 []


Overfull \hbox (16.5494pt too wide) in paragraph at lines 705--721
 [][] 
 []

<image1.png, id=84, 860.21375pt x 550.055pt>
File: image1.png Graphic file (type png)
<use image1.png>
Package pdftex.def Info: image1.png  used on input line 728.
(pdftex.def)             Requested size: 103.50105pt x 66.18001pt.
<image2.png, id=85, 860.21375pt x 550.055pt>
File: image2.png Graphic file (type png)
<use image2.png>
Package pdftex.def Info: image2.png  used on input line 733.
(pdftex.def)             Requested size: 103.50105pt x 66.18001pt.
<image3.png, id=86, 869.2475pt x 550.055pt>
File: image3.png Graphic file (type png)
<use image3.png>
Package pdftex.def Info: image3.png  used on input line 738.
(pdftex.def)             Requested size: 103.50105pt x 65.49176pt.
<image4.png, id=87, 860.21375pt x 550.055pt>
File: image4.png Graphic file (type png)
<use image4.png>
Package pdftex.def Info: image4.png  used on input line 746.
(pdftex.def)             Requested size: 103.50105pt x 66.18001pt.
<image5.png, id=88, 860.21375pt x 550.055pt>
File: image5.png Graphic file (type png)
<use image5.png>
Package pdftex.def Info: image5.png  used on input line 751.
(pdftex.def)             Requested size: 103.50105pt x 66.18001pt.
<image6.png, id=89, 860.21375pt x 550.055pt>
File: image6.png Graphic file (type png)
<use image6.png>
Package pdftex.def Info: image6.png  used on input line 756.
(pdftex.def)             Requested size: 103.50105pt x 66.18001pt.

LaTeX Warning: `h' float specifier changed to `ht'.

[17]
<t1.png, id=93, 862.22125pt x 642.4pt>
File: t1.png Graphic file (type png)
<use t1.png>
Package pdftex.def Info: t1.png  used on input line 765.
(pdftex.def)             Requested size: 103.50105pt x 77.10428pt.
<t2.png, id=94, 853.1875pt x 642.4pt>
File: t2.png Graphic file (type png)
<use t2.png>
Package pdftex.def Info: t2.png  used on input line 771.
(pdftex.def)             Requested size: 103.50105pt x 77.92766pt.
<t3.png, id=95, 871.255pt x 642.4pt>
File: t3.png Graphic file (type png)
<use t3.png>
Package pdftex.def Info: t3.png  used on input line 777.
(pdftex.def)             Requested size: 103.50105pt x 76.31029pt.
 [18 <./image1.png> <./image2.png> <./image3.png> <./image4.png> <./image5.png>
 <./image6.png>] [19 <./t1.png> <./t2.png> <./t3.png>] (article.bbl)
[20] (article.aux)
 ***********
LaTeX2e <2023-11-01> patch level 1
L3 programming layer <2024-01-04>
 ***********


LaTeX Warning: There were multiply-defined labels.

 ) 
Here is how much of TeX's memory you used:
 25836 strings out of 474486
 675277 string characters out of 5742811
 1942542 words of memory out of 5000000
 47719 multiletter control sequences out of 15000+600000
 568776 words of font info for 77 fonts, out of 8000000 for 9000
 1141 hyphenation exceptions out of 8191
 84i,20n,93p,753b,2332s stack positions out of 10000i,1000n,20000p,200000b,200000s
 <C:\Users\USUARIO\AppData\Local\MiKTeX\fonts/pk/ljfour/jknappen/ec/dpi600\tc
rm1000.pk><C:/Users/USUARIO/AppData/Local/Programs/MiKTeX/fonts/type1/public/am
sfonts/cm/cmbx10.pfb><C:/Users/USUARIO/AppData/Local/Programs/MiKTeX/fonts/type
1/public/amsfonts/cm/cmbx12.pfb><C:/Users/USUARIO/AppData/Local/Programs/MiKTeX
/fonts/type1/public/amsfonts/cm/cmbx7.pfb><C:/Users/USUARIO/AppData/Local/Progr
ams/MiKTeX/fonts/type1/public/amsfonts/cm/cmbx9.pfb><C:/Users/USUARIO/AppData/L
ocal/Programs/MiKTeX/fonts/type1/public/amsfonts/cm/cmex10.pfb><C:/Users/USUARI
O/AppData/Local/Programs/MiKTeX/fonts/type1/public/amsfonts/cm/cmmi10.pfb><C:/U
sers/USUARIO/AppData/Local/Programs/MiKTeX/fonts/type1/public/amsfonts/cm/cmmi7
.pfb><C:/Users/USUARIO/AppData/Local/Programs/MiKTeX/fonts/type1/public/amsfont
s/cm/cmmi9.pfb><C:/Users/USUARIO/AppData/Local/Programs/MiKTeX/fonts/type1/publ
ic/amsfonts/cm/cmr10.pfb><C:/Users/USUARIO/AppData/Local/Programs/MiKTeX/fonts/
type1/public/amsfonts/cm/cmr12.pfb><C:/Users/USUARIO/AppData/Local/Programs/MiK
TeX/fonts/type1/public/amsfonts/cm/cmr17.pfb><C:/Users/USUARIO/AppData/Local/Pr
ograms/MiKTeX/fonts/type1/public/amsfonts/cm/cmr6.pfb><C:/Users/USUARIO/AppData
/Local/Programs/MiKTeX/fonts/type1/public/amsfonts/cm/cmr7.pfb><C:/Users/USUARI
O/AppData/Local/Programs/MiKTeX/fonts/type1/public/amsfonts/cm/cmr9.pfb><C:/Use
rs/USUARIO/AppData/Local/Programs/MiKTeX/fonts/type1/public/amsfonts/cm/cmsy10.
pfb><C:/Users/USUARIO/AppData/Local/Programs/MiKTeX/fonts/type1/public/amsfonts
/cm/cmsy7.pfb><C:/Users/USUARIO/AppData/Local/Programs/MiKTeX/fonts/type1/publi
c/amsfonts/cm/cmsy9.pfb><C:/Users/USUARIO/AppData/Local/Programs/MiKTeX/fonts/t
ype1/public/amsfonts/cm/cmti10.pfb><C:/Users/USUARIO/AppData/Local/Programs/MiK
TeX/fonts/type1/public/amsfonts/symbols/msbm10.pfb>
Output written on article.pdf (20 pages, 894109 bytes).
PDF statistics:
 191 PDF objects out of 1000 (max. 8388607)
 0 named destinations out of 1000 (max. 500000)
 98 words of extra memory for PDF output out of 10000 (max. 10000000)

